0:0:0:0:0:0:0:1 - - [01/Nov/2019:10:47:51 +0300] "GET / HTTP/1.1" 404 306
0:0:0:0:0:0:0:1 - - [01/Nov/2019:10:48:13 +0300] "GET /favicon.ico HTTP/1.1" 500 -
0:0:0:0:0:0:0:1 - - [01/Nov/2019:11:26:05 +0300] "GET / HTTP/1.1" 200 6
0:0:0:0:0:0:0:1 - - [01/Nov/2019:11:26:06 +0300] "GET /favicon.ico HTTP/1.1" 500 -
0:0:0:0:0:0:0:1 - - [01/Nov/2019:11:41:49 +0300] "GET /competitions_list HTTP/1.1" 500 318
0:0:0:0:0:0:0:1 - - [01/Nov/2019:11:41:49 +0300] "GET /favicon.ico HTTP/1.1" 500 -
0:0:0:0:0:0:0:1 - - [01/Nov/2019:11:42:03 +0300] "GET /competitions_list HTTP/1.1" 500 318
0:0:0:0:0:0:0:1 - - [01/Nov/2019:11:42:03 +0300] "GET /favicon.ico HTTP/1.1" 500 -
0:0:0:0:0:0:0:1 - - [01/Nov/2019:11:42:07 +0300] "GET / HTTP/1.1" 200 6
0:0:0:0:0:0:0:1 - - [01/Nov/2019:11:42:07 +0300] "GET /favicon.ico HTTP/1.1" 500 -
0:0:0:0:0:0:0:1 - - [01/Nov/2019:11:42:40 +0300] "GET /login HTTP/1.1" 404 306
0:0:0:0:0:0:0:1 - - [01/Nov/2019:11:42:40 +0300] "GET /favicon.ico HTTP/1.1" 500 -
0:0:0:0:0:0:0:1 - - [01/Nov/2019:12:25:40 +0300] "GET / HTTP/1.1" 200 6
0:0:0:0:0:0:0:1 - - [01/Nov/2019:12:25:40 +0300] "GET /favicon.ico HTTP/1.1" 500 -
0:0:0:0:0:0:0:1 - - [01/Nov/2019:12:26:54 +0300] "GET / HTTP/1.1" 404 306
0:0:0:0:0:0:0:1 - - [01/Nov/2019:12:26:54 +0300] "GET /favicon.ico HTTP/1.1" 500 -
0:0:0:0:0:0:0:1 - - [01/Nov/2019:12:27:38 +0300] "GET / HTTP/1.1" 200 6
0:0:0:0:0:0:0:1 - - [01/Nov/2019:12:27:38 +0300] "GET /favicon.ico HTTP/1.1" 500 -
0:0:0:0:0:0:0:1 - - [01/Nov/2019:12:27:46 +0300] "GET /login HTTP/1.1" 200 6
0:0:0:0:0:0:0:1 - - [01/Nov/2019:12:27:46 +0300] "GET /favicon.ico HTTP/1.1" 500 -
0:0:0:0:0:0:0:1 - - [01/Nov/2019:12:27:56 +0300] "GET /competitions_list HTTP/1.1" 500 318
0:0:0:0:0:0:0:1 - - [01/Nov/2019:12:27:56 +0300] "GET /favicon.ico HTTP/1.1" 500 -
0:0:0:0:0:0:0:1 - - [01/Nov/2019:12:28:29 +0300] "GET /competitions_list HTTP/1.1" 500 318
0:0:0:0:0:0:0:1 - - [01/Nov/2019:12:28:29 +0300] "GET /favicon.ico HTTP/1.1" 500 -
0:0:0:0:0:0:0:1 - - [01/Nov/2019:12:44:56 +0300] "GET /login HTTP/1.1" 200 6
0:0:0:0:0:0:0:1 - - [01/Nov/2019:12:44:57 +0300] "GET /favicon.ico HTTP/1.1" 500 -
0:0:0:0:0:0:0:1 - - [01/Nov/2019:12:49:30 +0300] "GET /login HTTP/1.1" 200 6
0:0:0:0:0:0:0:1 - - [01/Nov/2019:12:49:30 +0300] "GET /favicon.ico HTTP/1.1" 500 -
0:0:0:0:0:0:0:1 - - [01/Nov/2019:12:49:32 +0300] "GET /login HTTP/1.1" 200 6
0:0:0:0:0:0:0:1 - - [01/Nov/2019:12:49:32 +0300] "GET /favicon.ico HTTP/1.1" 500 -
0:0:0:0:0:0:0:1 - - [01/Nov/2019:12:49:38 +0300] "GET / HTTP/1.1" 200 6
0:0:0:0:0:0:0:1 - - [01/Nov/2019:12:49:38 +0300] "GET /favicon.ico HTTP/1.1" 500 -
0:0:0:0:0:0:0:1 - - [01/Nov/2019:12:53:28 +0300] "GET /login HTTP/1.1" 200 6
0:0:0:0:0:0:0:1 - - [01/Nov/2019:12:53:29 +0300] "GET /login HTTP/1.1" 200 6
0:0:0:0:0:0:0:1 - - [01/Nov/2019:12:53:29 +0300] "GET /favicon.ico HTTP/1.1" 500 -
0:0:0:0:0:0:0:1 - - [01/Nov/2019:12:56:41 +0300] "GET /login HTTP/1.1" 200 6
0:0:0:0:0:0:0:1 - - [01/Nov/2019:12:56:41 +0300] "GET /favicon.ico HTTP/1.1" 500 -
0:0:0:0:0:0:0:1 - - [01/Nov/2019:12:56:43 +0300] "GET /login HTTP/1.1" 200 6
0:0:0:0:0:0:0:1 - - [01/Nov/2019:12:56:43 +0300] "GET /favicon.ico HTTP/1.1" 500 -
0:0:0:0:0:0:0:1 - - [01/Nov/2019:12:56:47 +0300] "GET / HTTP/1.1" 200 6
0:0:0:0:0:0:0:1 - - [01/Nov/2019:12:56:47 +0300] "GET /favicon.ico HTTP/1.1" 500 -
0:0:0:0:0:0:0:1 - - [01/Nov/2019:12:56:51 +0300] "GET /login HTTP/1.1" 200 6
0:0:0:0:0:0:0:1 - - [01/Nov/2019:12:56:51 +0300] "GET /favicon.ico HTTP/1.1" 500 -
0:0:0:0:0:0:0:1 - - [01/Nov/2019:12:56:51 +0300] "GET /login HTTP/1.1" 200 6
0:0:0:0:0:0:0:1 - - [01/Nov/2019:12:56:51 +0300] "GET /favicon.ico HTTP/1.1" 500 -
0:0:0:0:0:0:0:1 - - [01/Nov/2019:13:13:22 +0300] "GET /login HTTP/1.1" 200 6
0:0:0:0:0:0:0:1 - - [01/Nov/2019:13:13:22 +0300] "GET /favicon.ico HTTP/1.1" 500 -
0:0:0:0:0:0:0:1 - - [01/Nov/2019:13:15:01 +0300] "GET /login HTTP/1.1" 200 6
0:0:0:0:0:0:0:1 - - [01/Nov/2019:13:15:01 +0300] "GET /favicon.ico HTTP/1.1" 500 -
0:0:0:0:0:0:0:1 - - [01/Nov/2019:14:41:09 +0300] "GET /login HTTP/1.1" 200 6
0:0:0:0:0:0:0:1 - - [01/Nov/2019:14:41:09 +0300] "GET /favicon.ico HTTP/1.1" 500 -
0:0:0:0:0:0:0:1 - - [01/Nov/2019:14:41:10 +0300] "GET /login HTTP/1.1" 200 6
0:0:0:0:0:0:0:1 - - [01/Nov/2019:14:41:10 +0300] "GET /favicon.ico HTTP/1.1" 500 -
0:0:0:0:0:0:0:1 - - [01/Nov/2019:14:41:13 +0300] "GET / HTTP/1.1" 200 6
0:0:0:0:0:0:0:1 - - [01/Nov/2019:14:41:13 +0300] "GET /favicon.ico HTTP/1.1" 500 -
0:0:0:0:0:0:0:1 - - [01/Nov/2019:15:06:06 +0300] "GET / HTTP/1.1" 200 6
0:0:0:0:0:0:0:1 - - [01/Nov/2019:15:06:06 +0300] "GET /favicon.ico HTTP/1.1" 500 -
0:0:0:0:0:0:0:1 - - [01/Nov/2019:15:06:07 +0300] "GET / HTTP/1.1" 200 6
0:0:0:0:0:0:0:1 - - [01/Nov/2019:15:06:07 +0300] "GET /favicon.ico HTTP/1.1" 500 -
0:0:0:0:0:0:0:1 - - [01/Nov/2019:15:06:19 +0300] "GET / HTTP/1.1" 200 6
0:0:0:0:0:0:0:1 - - [01/Nov/2019:15:06:21 +0300] "GET / HTTP/1.1" 200 6
0:0:0:0:0:0:0:1 - - [01/Nov/2019:15:06:21 +0300] "GET /favicon.ico HTTP/1.1" 500 -
0:0:0:0:0:0:0:1 - - [01/Nov/2019:15:06:24 +0300] "GET / HTTP/1.1" 200 6
0:0:0:0:0:0:0:1 - - [01/Nov/2019:15:06:24 +0300] "GET /favicon.ico HTTP/1.1" 500 -
0:0:0:0:0:0:0:1 - - [01/Nov/2019:15:07:38 +0300] "GET / HTTP/1.1" 200 6
0:0:0:0:0:0:0:1 - - [01/Nov/2019:15:07:38 +0300] "GET /favicon.ico HTTP/1.1" 500 -
0:0:0:0:0:0:0:1 - - [01/Nov/2019:15:07:39 +0300] "GET / HTTP/1.1" 200 6
0:0:0:0:0:0:0:1 - - [01/Nov/2019:15:07:39 +0300] "GET /favicon.ico HTTP/1.1" 500 -
0:0:0:0:0:0:0:1 - - [01/Nov/2019:15:08:51 +0300] "GET / HTTP/1.1" 200 6
0:0:0:0:0:0:0:1 - - [01/Nov/2019:15:08:51 +0300] "GET /favicon.ico HTTP/1.1" 500 -
0:0:0:0:0:0:0:1 - - [01/Nov/2019:15:08:52 +0300] "GET / HTTP/1.1" 200 6
0:0:0:0:0:0:0:1 - - [01/Nov/2019:15:08:52 +0300] "GET /favicon.ico HTTP/1.1" 500 -
0:0:0:0:0:0:0:1 - - [01/Nov/2019:15:08:59 +0300] "GET /%D0%B4%D1%89%D0%BF%D1%88%D1%82 HTTP/1.1" 404 317
0:0:0:0:0:0:0:1 - - [01/Nov/2019:15:08:59 +0300] "GET /favicon.ico HTTP/1.1" 500 -
0:0:0:0:0:0:0:1 - - [01/Nov/2019:15:09:04 +0300] "GET /login HTTP/1.1" 200 6
0:0:0:0:0:0:0:1 - - [01/Nov/2019:15:09:04 +0300] "GET /favicon.ico HTTP/1.1" 500 -
0:0:0:0:0:0:0:1 - - [01/Nov/2019:15:09:06 +0300] "GET /login HTTP/1.1" 200 6
0:0:0:0:0:0:0:1 - - [01/Nov/2019:15:09:06 +0300] "GET /favicon.ico HTTP/1.1" 500 -
0:0:0:0:0:0:0:1 - - [01/Nov/2019:15:21:52 +0300] "GET /login HTTP/1.1" 200 6
0:0:0:0:0:0:0:1 - - [01/Nov/2019:15:21:52 +0300] "GET /favicon.ico HTTP/1.1" 500 -
0:0:0:0:0:0:0:1 - - [01/Nov/2019:15:31:45 +0300] "GET /login HTTP/1.1" 200 6
0:0:0:0:0:0:0:1 - - [01/Nov/2019:15:31:45 +0300] "GET /favicon.ico HTTP/1.1" 500 -
0:0:0:0:0:0:0:1 - - [01/Nov/2019:15:31:46 +0300] "GET /login HTTP/1.1" 200 6
0:0:0:0:0:0:0:1 - - [01/Nov/2019:15:31:46 +0300] "GET /favicon.ico HTTP/1.1" 500 -
0:0:0:0:0:0:0:1 - - [01/Nov/2019:15:31:46 +0300] "GET /login HTTP/1.1" 200 6
0:0:0:0:0:0:0:1 - - [01/Nov/2019:15:31:46 +0300] "GET /favicon.ico HTTP/1.1" 500 -
0:0:0:0:0:0:0:1 - - [01/Nov/2019:15:31:46 +0300] "GET /login HTTP/1.1" 200 6
0:0:0:0:0:0:0:1 - - [01/Nov/2019:15:31:46 +0300] "GET /favicon.ico HTTP/1.1" 500 -
0:0:0:0:0:0:0:1 - - [01/Nov/2019:15:31:46 +0300] "GET /login HTTP/1.1" 200 6
0:0:0:0:0:0:0:1 - - [01/Nov/2019:15:31:46 +0300] "GET /favicon.ico HTTP/1.1" 500 -
0:0:0:0:0:0:0:1 - - [01/Nov/2019:15:31:47 +0300] "GET /login HTTP/1.1" 200 6
0:0:0:0:0:0:0:1 - - [01/Nov/2019:15:31:47 +0300] "GET /favicon.ico HTTP/1.1" 500 -
0:0:0:0:0:0:0:1 - - [01/Nov/2019:15:31:47 +0300] "GET /login HTTP/1.1" 200 6
0:0:0:0:0:0:0:1 - - [01/Nov/2019:15:31:47 +0300] "GET /favicon.ico HTTP/1.1" 500 -
0:0:0:0:0:0:0:1 - - [01/Nov/2019:16:03:04 +0300] "GET /login HTTP/1.1" 200 6
0:0:0:0:0:0:0:1 - - [01/Nov/2019:16:03:04 +0300] "GET /favicon.ico HTTP/1.1" 500 -
0:0:0:0:0:0:0:1 - - [01/Nov/2019:16:46:26 +0300] "GET /favicon.ico HTTP/1.1" 404 298
0:0:0:0:0:0:0:1 - - [01/Nov/2019:16:46:26 +0300] "GET /favicon.ico HTTP/1.1" 500 -
0:0:0:0:0:0:0:1 - - [01/Nov/2019:17:21:17 +0300] "GET / HTTP/1.1" 200 6
0:0:0:0:0:0:0:1 - - [01/Nov/2019:17:21:17 +0300] "GET /favicon.ico HTTP/1.1" 500 -
0:0:0:0:0:0:0:1 - - [01/Nov/2019:17:21:47 +0300] "GET /login HTTP/1.1" 200 6
0:0:0:0:0:0:0:1 - - [01/Nov/2019:17:21:47 +0300] "GET /favicon.ico HTTP/1.1" 500 -
0:0:0:0:0:0:0:1 - - [01/Nov/2019:17:21:48 +0300] "GET /login HTTP/1.1" 200 6
0:0:0:0:0:0:0:1 - - [01/Nov/2019:17:21:48 +0300] "GET /favicon.ico HTTP/1.1" 500 -
0:0:0:0:0:0:0:1 - - [01/Nov/2019:17:22:25 +0300] "GET /login HTTP/1.1" 200 6
0:0:0:0:0:0:0:1 - - [01/Nov/2019:17:22:25 +0300] "GET /favicon.ico HTTP/1.1" 500 -
0:0:0:0:0:0:0:1 - - [01/Nov/2019:17:22:28 +0300] "GET / HTTP/1.1" 200 6
0:0:0:0:0:0:0:1 - - [01/Nov/2019:17:22:28 +0300] "GET /favicon.ico HTTP/1.1" 500 -
0:0:0:0:0:0:0:1 - - [01/Nov/2019:17:25:16 +0300] "GET / HTTP/1.1" 200 6
0:0:0:0:0:0:0:1 - - [01/Nov/2019:17:25:16 +0300] "GET /favicon.ico HTTP/1.1" 500 -
0:0:0:0:0:0:0:1 - - [01/Nov/2019:17:25:19 +0300] "GET /login HTTP/1.1" 200 6
0:0:0:0:0:0:0:1 - - [01/Nov/2019:17:25:19 +0300] "GET /favicon.ico HTTP/1.1" 500 -
0:0:0:0:0:0:0:1 - - [01/Nov/2019:17:25:21 +0300] "GET /login HTTP/1.1" 200 6
0:0:0:0:0:0:0:1 - - [01/Nov/2019:17:25:21 +0300] "GET /favicon.ico HTTP/1.1" 500 -
0:0:0:0:0:0:0:1 - - [01/Nov/2019:17:30:16 +0300] "GET /login HTTP/1.1" 404 306
0:0:0:0:0:0:0:1 - - [01/Nov/2019:17:30:16 +0300] "GET /favicon.ico HTTP/1.1" 500 -
0:0:0:0:0:0:0:1 - - [01/Nov/2019:17:33:20 +0300] "GET /login HTTP/1.1" 404 309
0:0:0:0:0:0:0:1 - - [01/Nov/2019:17:33:20 +0300] "GET /favicon.ico HTTP/1.1" 500 -
0:0:0:0:0:0:0:1 - - [01/Nov/2019:17:34:01 +0300] "GET /login HTTP/1.1" 404 306
0:0:0:0:0:0:0:1 - - [01/Nov/2019:17:34:01 +0300] "GET /favicon.ico HTTP/1.1" 500 -
